<?xml version="1.0" encoding="UTF-8"?>
<!-- Generated by org.testng.reporters.JUnitXMLReporter -->
<testsuite hostname="AmirPC" ignored="0" name="E2E Test Cases" tests="18" failures="3" timestamp="2020-10-07T10:58:21 PKT" time="558.051" errors="0">
  <testcase name="CRMTitleTest" time="0.019" classname="com.crm.qa.testcases.LoginPageTest">
    <failure type="java.lang.AssertionError" message="expected [Cogmento CR] but found [Cogmento CRM]">
      <![CDATA[java.lang.AssertionError: expected [Cogmento CR] but found [Cogmento CRM]
at com.crm.qa.testcases.LoginPageTest.CRMTitleTest(LoginPageTest.java:36)
at java.util.ArrayList.forEach(ArrayList.java:1257)
... Removed 32 stack frames]]>
    </failure>
  </testcase> <!-- CRMTitleTest -->
  <testcase name="VerifySignupLinkTest" time="0.087" classname="com.crm.qa.testcases.LoginPageTest"/>
  <testcase name="VerifyClassicCRMLinkTest" time="0.029" classname="com.crm.qa.testcases.LoginPageTest"/>
  <testcase name="LoginTest" time="2.39" classname="com.crm.qa.testcases.LoginPageTest">
    <failure type="org.openqa.selenium.WebDriverException" message="unknown error: keys should be a string
  (Session info: chrome=85.0.4183.121)
  (Driver info: chromedriver=2.43.600210 (68dcf5eebde37173d4027fa8635e332711d2874a),platform=Windows NT 10.0.18363 x86_64) (WARNING: The server did not provide any stacktrace information)
Command duration or timeout: 29 milliseconds
Build info: version: &amp;apos;2.43.1&amp;apos;, revision: &amp;apos;5163bceef1bc36d43f3dc0b83c88998168a363a0&amp;apos;, time: &amp;apos;2014-09-10 09:43:55&amp;apos;
System info: host: &amp;apos;AmirPC&amp;apos;, ip: &amp;apos;192.168.8.78&amp;apos;, os.name: &amp;apos;Windows 10&amp;apos;, os.arch: &amp;apos;amd64&amp;apos;, os.version: &amp;apos;10.0&amp;apos;, java.version: &amp;apos;1.8.0_191&amp;apos;
Driver info: org.openqa.selenium.chrome.ChromeDriver
Capabilities [{mobileEmulationEnabled=false, hasTouchScreen=false, platform=XP, acceptSslCerts=false, goog:chromeOptions={debuggerAddress=localhost:59338}, acceptInsecureCerts=false, webStorageEnabled=true, browserName=chrome, takesScreenshot=true, javascriptEnabled=true, setWindowRect=true, unexpectedAlertBehaviour=, applicationCacheEnabled=false, rotatable=false, networkConnectionEnabled=false, chrome={chromedriverVersion=2.43.600210 (68dcf5eebde37173d4027fa8635e332711d2874a), userDataDir=C:\Users\Admin\AppData\Local\Temp\scoped_dir28552_32101}, takesHeapSnapshot=true, pageLoadStrategy=normal, databaseEnabled=false, handlesAlerts=true, version=85.0.4183.121, browserConnectionEnabled=false, nativeEvents=true, locationContextEnabled=true, cssSelectorsEnabled=true}]
Session ID: 1524f2c985a1a5672c2fbf93f2bc5421">
      <![CDATA[org.openqa.selenium.WebDriverException: unknown error: keys should be a string
  (Session info: chrome=85.0.4183.121)
  (Driver info: chromedriver=2.43.600210 (68dcf5eebde37173d4027fa8635e332711d2874a),platform=Windows NT 10.0.18363 x86_64) (WARNING: The server did not provide any stacktrace information)
Command duration or timeout: 29 milliseconds
Build info: version: '2.43.1', revision: '5163bceef1bc36d43f3dc0b83c88998168a363a0', time: '2014-09-10 09:43:55'
System info: host: 'AmirPC', ip: '192.168.8.78', os.name: 'Windows 10', os.arch: 'amd64', os.version: '10.0', java.version: '1.8.0_191'
Driver info: org.openqa.selenium.chrome.ChromeDriver
Capabilities [{mobileEmulationEnabled=false, hasTouchScreen=false, platform=XP, acceptSslCerts=false, goog:chromeOptions={debuggerAddress=localhost:59338}, acceptInsecureCerts=false, webStorageEnabled=true, browserName=chrome, takesScreenshot=true, javascriptEnabled=true, setWindowRect=true, unexpectedAlertBehaviour=, applicationCacheEnabled=false, rotatable=false, networkConnectionEnabled=false, chrome={chromedriverVersion=2.43.600210 (68dcf5eebde37173d4027fa8635e332711d2874a), userDataDir=C:\Users\Admin\AppData\Local\Temp\scoped_dir28552_32101}, takesHeapSnapshot=true, pageLoadStrategy=normal, databaseEnabled=false, handlesAlerts=true, version=85.0.4183.121, browserConnectionEnabled=false, nativeEvents=true, locationContextEnabled=true, cssSelectorsEnabled=true}]
Session ID: 1524f2c985a1a5672c2fbf93f2bc5421
at org.openqa.selenium.remote.ErrorHandler.createThrowable(ErrorHandler.java:204)
at org.openqa.selenium.remote.ErrorHandler.throwIfResponseFailed(ErrorHandler.java:156)
at org.openqa.selenium.remote.RemoteWebDriver.execute(RemoteWebDriver.java:599)
at org.openqa.selenium.remote.RemoteWebElement.execute(RemoteWebElement.java:268)
at org.openqa.selenium.remote.RemoteWebElement.sendKeys(RemoteWebElement.java:89)
at org.openqa.selenium.support.events.EventFiringWebDriver$EventFiringWebElement$1.invoke(EventFiringWebDriver.java:331)
at com.sun.proxy.$Proxy12.sendKeys(Unknown Source)
at org.openqa.selenium.support.events.EventFiringWebDriver$EventFiringWebElement.sendKeys(EventFiringWebDriver.java:354)
at org.openqa.selenium.support.pagefactory.internal.LocatingElementHandler.invoke(LocatingElementHandler.java:50)
at com.sun.proxy.$Proxy11.sendKeys(Unknown Source)
at com.crm.qa.pages.LoginPage.CRMLogin(LoginPage.java:48)
at com.crm.qa.testcases.LoginPageTest.LoginTest(LoginPageTest.java:60)
at java.util.ArrayList.forEach(ArrayList.java:1257)
... Removed 39 stack frames]]>
    </failure>
  </testcase> <!-- LoginTest -->
  <testcase name="GetHomePageTitleTest" time="0.008" classname="com.crm.qa.testcases.HomePageTest">
    <failure type="java.lang.AssertionError" message="Home page title not matched..!! expected [Cogmento CR] but found [Cogmento CRM]">
      <![CDATA[java.lang.AssertionError: Home page title not matched..!! expected [Cogmento CR] but found [Cogmento CRM]
at com.crm.qa.testcases.HomePageTest.GetHomePageTitleTest(HomePageTest.java:39)
at java.util.ArrayList.forEach(ArrayList.java:1257)
... Removed 31 stack frames]]>
    </failure>
  </testcase> <!-- GetHomePageTitleTest -->
  <testcase name="VerifyCongmentoLogoTest" time="2.222" classname="com.crm.qa.testcases.HomePageTest"/>
  <testcase name="VerifyTestCRMTest" time="1.682" classname="com.crm.qa.testcases.HomePageTest"/>
  <testcase name="VerifyclickOnContactsLinkTest" time="1.97" classname="com.crm.qa.testcases.HomePageTest"/>
  <testcase name="validateCreateNewContact" time="16.165" classname="com.crm.qa.testcases.ContactPageTest"/>
  <testcase name="validateCreateNewContact" time="15.889" classname="com.crm.qa.testcases.ContactPageTest"/>
  <testcase name="validateCreateNewContact" time="15.931" classname="com.crm.qa.testcases.ContactPageTest"/>
  <testcase name="validatetitle" time="0.049" classname="com.crm.qa.testcases.DealPageTest"/>
  <testcase name="validateNewDeal" time="37.598" classname="com.crm.qa.testcases.DealPageTest"/>
  <testcase name="validateNewDeal" time="37.361" classname="com.crm.qa.testcases.DealPageTest"/>
  <testcase name="validateNewDeal" time="37.33" classname="com.crm.qa.testcases.DealPageTest"/>
  <testcase name="verifyTitle" time="0.028" classname="com.crm.qa.testcases.TaskPageTest"/>
  <testcase name="verifyNewTask" time="17.933" classname="com.crm.qa.testcases.TaskPageTest"/>
  <testcase name="verifyNewTask" time="17.926" classname="com.crm.qa.testcases.TaskPageTest"/>
</testsuite> <!-- E2E Test Cases -->
