<?xml version="1.0" encoding="UTF-8"?>
<testng-results skipped="0" failed="3" ignored="0" total="18" passed="15">
  <reporter-output>
  </reporter-output>
  <suite name="E2E Test Automation Test Suite" duration-ms="558051" started-at="2020-10-07T10:49:03 PKT" finished-at="2020-10-07T10:58:21 PKT">
    <groups>
    </groups>
    <test name="E2E Test Cases" duration-ms="558051" started-at="2020-10-07T10:49:03 PKT" finished-at="2020-10-07T10:58:21 PKT">
      <class name="com.crm.qa.testcases.ContactPageTest">
        <test-method status="PASS" signature="SetUp()[pri:0, instance:com.crm.qa.testcases.ContactPageTest@101df177]" name="SetUp" is-config="true" duration-ms="19987" started-at="2020-10-07T10:51:37 PKT" finished-at="2020-10-07T10:51:57 PKT">
          <reporter-output>
          </reporter-output>
        </test-method> <!-- SetUp -->
        <test-method status="PASS" signature="validateCreateNewContact(java.lang.String, java.lang.String, java.lang.String, java.lang.String, java.lang.String)[pri:0, instance:com.crm.qa.testcases.ContactPageTest@101df177]" name="validateCreateNewContact" duration-ms="16165" started-at="2020-10-07T10:51:57 PKT" data-provider="getCRMContactsData" finished-at="2020-10-07T10:52:13 PKT">
          <params>
            <param index="0">
              <value>
                <![CDATA[abbu]]>
              </value>
            </param>
            <param index="1">
              <value>
                <![CDATA[bakar]]>
              </value>
            </param>
            <param index="2">
              <value>
                <![CDATA[Zepto]]>
              </value>
            </param>
            <param index="3">
              <value>
                <![CDATA[khawer@yopmail.com]]>
              </value>
            </param>
            <param index="4">
              <value>
                <![CDATA[FSD]]>
              </value>
            </param>
          </params>
          <reporter-output>
          </reporter-output>
        </test-method> <!-- validateCreateNewContact -->
        <test-method status="PASS" signature="afterMethod()[pri:0, instance:com.crm.qa.testcases.ContactPageTest@101df177]" name="afterMethod" is-config="true" duration-ms="1168" started-at="2020-10-07T10:52:13 PKT" finished-at="2020-10-07T10:52:14 PKT">
          <reporter-output>
          </reporter-output>
        </test-method> <!-- afterMethod -->
        <test-method status="PASS" signature="SetUp()[pri:0, instance:com.crm.qa.testcases.ContactPageTest@101df177]" name="SetUp" is-config="true" duration-ms="19961" started-at="2020-10-07T10:52:14 PKT" finished-at="2020-10-07T10:52:34 PKT">
          <reporter-output>
          </reporter-output>
        </test-method> <!-- SetUp -->
        <test-method status="PASS" signature="validateCreateNewContact(java.lang.String, java.lang.String, java.lang.String, java.lang.String, java.lang.String)[pri:0, instance:com.crm.qa.testcases.ContactPageTest@101df177]" name="validateCreateNewContact" duration-ms="15889" started-at="2020-10-07T10:52:34 PKT" data-provider="getCRMContactsData" finished-at="2020-10-07T10:52:50 PKT">
          <params>
            <param index="0">
              <value>
                <![CDATA[ahmad]]>
              </value>
            </param>
            <param index="1">
              <value>
                <![CDATA[ali]]>
              </value>
            </param>
            <param index="2">
              <value>
                <![CDATA[Zepto]]>
              </value>
            </param>
            <param index="3">
              <value>
                <![CDATA[arif@yopmail.com]]>
              </value>
            </param>
            <param index="4">
              <value>
                <![CDATA[FSD]]>
              </value>
            </param>
          </params>
          <reporter-output>
          </reporter-output>
        </test-method> <!-- validateCreateNewContact -->
        <test-method status="PASS" signature="afterMethod()[pri:0, instance:com.crm.qa.testcases.ContactPageTest@101df177]" name="afterMethod" is-config="true" duration-ms="1158" started-at="2020-10-07T10:52:50 PKT" finished-at="2020-10-07T10:52:51 PKT">
          <reporter-output>
          </reporter-output>
        </test-method> <!-- afterMethod -->
        <test-method status="PASS" signature="SetUp()[pri:0, instance:com.crm.qa.testcases.ContactPageTest@101df177]" name="SetUp" is-config="true" duration-ms="20070" started-at="2020-10-07T10:52:51 PKT" finished-at="2020-10-07T10:53:11 PKT">
          <reporter-output>
          </reporter-output>
        </test-method> <!-- SetUp -->
        <test-method status="PASS" signature="validateCreateNewContact(java.lang.String, java.lang.String, java.lang.String, java.lang.String, java.lang.String)[pri:0, instance:com.crm.qa.testcases.ContactPageTest@101df177]" name="validateCreateNewContact" duration-ms="15931" started-at="2020-10-07T10:53:11 PKT" data-provider="getCRMContactsData" finished-at="2020-10-07T10:53:27 PKT">
          <params>
            <param index="0">
              <value>
                <![CDATA[hassan]]>
              </value>
            </param>
            <param index="1">
              <value>
                <![CDATA[raza]]>
              </value>
            </param>
            <param index="2">
              <value>
                <![CDATA[Zepto]]>
              </value>
            </param>
            <param index="3">
              <value>
                <![CDATA[asnad@yopmail.com]]>
              </value>
            </param>
            <param index="4">
              <value>
                <![CDATA[LHR]]>
              </value>
            </param>
          </params>
          <reporter-output>
          </reporter-output>
        </test-method> <!-- validateCreateNewContact -->
        <test-method status="PASS" signature="afterMethod()[pri:0, instance:com.crm.qa.testcases.ContactPageTest@101df177]" name="afterMethod" is-config="true" duration-ms="1152" started-at="2020-10-07T10:53:27 PKT" finished-at="2020-10-07T10:53:29 PKT">
          <reporter-output>
          </reporter-output>
        </test-method> <!-- afterMethod -->
      </class> <!-- com.crm.qa.testcases.ContactPageTest -->
      <class name="com.crm.qa.testcases.HomePageTest">
        <test-method status="PASS" signature="Setup()[pri:0, instance:com.crm.qa.testcases.HomePageTest@2f490758]" name="Setup" is-config="true" duration-ms="18169" started-at="2020-10-07T10:50:14 PKT" finished-at="2020-10-07T10:50:32 PKT">
          <reporter-output>
          </reporter-output>
        </test-method> <!-- Setup -->
        <test-method status="FAIL" signature="GetHomePageTitleTest()[pri:1, instance:com.crm.qa.testcases.HomePageTest@2f490758]" name="GetHomePageTitleTest" duration-ms="8" started-at="2020-10-07T10:50:32 PKT" finished-at="2020-10-07T10:50:32 PKT">
          <exception class="java.lang.AssertionError">
            <message>
              <![CDATA[Home page title not matched..!! expected [Cogmento CR] but found [Cogmento CRM]]]>
            </message>
            <full-stacktrace>
              <![CDATA[java.lang.AssertionError: Home page title not matched..!! expected [Cogmento CR] but found [Cogmento CRM]
at org.testng.Assert.fail(Assert.java:97)
at org.testng.Assert.assertEqualsImpl(Assert.java:136)
at org.testng.Assert.assertEquals(Assert.java:118)
at org.testng.Assert.assertEquals(Assert.java:575)
at com.crm.qa.testcases.HomePageTest.GetHomePageTitleTest(HomePageTest.java:39)
at sun.reflect.NativeMethodAccessorImpl.invoke0(Native Method)
at sun.reflect.NativeMethodAccessorImpl.invoke(NativeMethodAccessorImpl.java:62)
at sun.reflect.DelegatingMethodAccessorImpl.invoke(DelegatingMethodAccessorImpl.java:43)
at java.lang.reflect.Method.invoke(Method.java:498)
at org.testng.internal.MethodInvocationHelper.invokeMethod(MethodInvocationHelper.java:133)
at org.testng.internal.TestInvoker.invokeMethod(TestInvoker.java:584)
at org.testng.internal.TestInvoker.invokeTestMethod(TestInvoker.java:172)
at org.testng.internal.MethodRunner.runInSequence(MethodRunner.java:46)
at org.testng.internal.TestInvoker$MethodInvocationAgent.invoke(TestInvoker.java:804)
at org.testng.internal.TestInvoker.invokeTestMethods(TestInvoker.java:145)
at org.testng.internal.TestMethodWorker.invokeTestMethods(TestMethodWorker.java:146)
at org.testng.internal.TestMethodWorker.run(TestMethodWorker.java:128)
at java.util.ArrayList.forEach(ArrayList.java:1257)
at org.testng.TestRunner.privateRun(TestRunner.java:770)
at org.testng.TestRunner.run(TestRunner.java:591)
at org.testng.SuiteRunner.runTest(SuiteRunner.java:402)
at org.testng.SuiteRunner.runSequentially(SuiteRunner.java:396)
at org.testng.SuiteRunner.privateRun(SuiteRunner.java:355)
at org.testng.SuiteRunner.run(SuiteRunner.java:304)
at org.testng.SuiteRunnerWorker.runSuite(SuiteRunnerWorker.java:53)
at org.testng.SuiteRunnerWorker.run(SuiteRunnerWorker.java:96)
at org.testng.TestNG.runSuitesSequentially(TestNG.java:1180)
at org.testng.TestNG.runSuitesLocally(TestNG.java:1102)
at org.testng.TestNG.runSuites(TestNG.java:1032)
at org.testng.TestNG.run(TestNG.java:1000)
at org.testng.remote.AbstractRemoteTestNG.run(AbstractRemoteTestNG.java:115)
at org.testng.remote.RemoteTestNG.initAndRun(RemoteTestNG.java:251)
at org.testng.remote.RemoteTestNG.main(RemoteTestNG.java:77)
]]>
            </full-stacktrace>
          </exception> <!-- java.lang.AssertionError -->
          <reporter-output>
          </reporter-output>
        </test-method> <!-- GetHomePageTitleTest -->
        <test-method status="PASS" signature="afterMethod()[pri:0, instance:com.crm.qa.testcases.HomePageTest@2f490758]" name="afterMethod" is-config="true" duration-ms="1177" started-at="2020-10-07T10:50:32 PKT" finished-at="2020-10-07T10:50:33 PKT">
          <reporter-output>
          </reporter-output>
        </test-method> <!-- afterMethod -->
        <test-method status="PASS" signature="Setup()[pri:0, instance:com.crm.qa.testcases.HomePageTest@2f490758]" name="Setup" is-config="true" duration-ms="17953" started-at="2020-10-07T10:50:33 PKT" finished-at="2020-10-07T10:50:51 PKT">
          <reporter-output>
          </reporter-output>
        </test-method> <!-- Setup -->
        <test-method status="PASS" signature="VerifyCongmentoLogoTest()[pri:2, instance:com.crm.qa.testcases.HomePageTest@2f490758]" name="VerifyCongmentoLogoTest" duration-ms="2222" started-at="2020-10-07T10:50:51 PKT" finished-at="2020-10-07T10:50:53 PKT">
          <reporter-output>
          </reporter-output>
        </test-method> <!-- VerifyCongmentoLogoTest -->
        <test-method status="PASS" signature="afterMethod()[pri:0, instance:com.crm.qa.testcases.HomePageTest@2f490758]" name="afterMethod" is-config="true" duration-ms="1121" started-at="2020-10-07T10:50:53 PKT" finished-at="2020-10-07T10:50:54 PKT">
          <reporter-output>
          </reporter-output>
        </test-method> <!-- afterMethod -->
        <test-method status="PASS" signature="Setup()[pri:0, instance:com.crm.qa.testcases.HomePageTest@2f490758]" name="Setup" is-config="true" duration-ms="17795" started-at="2020-10-07T10:50:54 PKT" finished-at="2020-10-07T10:51:12 PKT">
          <reporter-output>
          </reporter-output>
        </test-method> <!-- Setup -->
        <test-method status="PASS" signature="VerifyTestCRMTest()[pri:3, instance:com.crm.qa.testcases.HomePageTest@2f490758]" name="VerifyTestCRMTest" duration-ms="1682" started-at="2020-10-07T10:51:12 PKT" finished-at="2020-10-07T10:51:14 PKT">
          <reporter-output>
          </reporter-output>
        </test-method> <!-- VerifyTestCRMTest -->
        <test-method status="PASS" signature="afterMethod()[pri:0, instance:com.crm.qa.testcases.HomePageTest@2f490758]" name="afterMethod" is-config="true" duration-ms="1148" started-at="2020-10-07T10:51:14 PKT" finished-at="2020-10-07T10:51:15 PKT">
          <reporter-output>
          </reporter-output>
        </test-method> <!-- afterMethod -->
        <test-method status="PASS" signature="Setup()[pri:0, instance:com.crm.qa.testcases.HomePageTest@2f490758]" name="Setup" is-config="true" duration-ms="17804" started-at="2020-10-07T10:51:15 PKT" finished-at="2020-10-07T10:51:33 PKT">
          <reporter-output>
          </reporter-output>
        </test-method> <!-- Setup -->
        <test-method status="PASS" signature="VerifyclickOnContactsLinkTest()[pri:4, instance:com.crm.qa.testcases.HomePageTest@2f490758]" name="VerifyclickOnContactsLinkTest" duration-ms="1970" started-at="2020-10-07T10:51:33 PKT" finished-at="2020-10-07T10:51:35 PKT">
          <reporter-output>
          </reporter-output>
        </test-method> <!-- VerifyclickOnContactsLinkTest -->
        <test-method status="PASS" signature="afterMethod()[pri:0, instance:com.crm.qa.testcases.HomePageTest@2f490758]" name="afterMethod" is-config="true" duration-ms="1216" started-at="2020-10-07T10:51:35 PKT" finished-at="2020-10-07T10:51:36 PKT">
          <reporter-output>
          </reporter-output>
        </test-method> <!-- afterMethod -->
      </class> <!-- com.crm.qa.testcases.HomePageTest -->
      <class name="com.crm.qa.testcases.LoginPageTest">
        <test-method status="PASS" signature="Setup()[pri:0, instance:com.crm.qa.testcases.LoginPageTest@1188e820]" name="Setup" is-config="true" duration-ms="16775" started-at="2020-10-07T10:49:03 PKT" finished-at="2020-10-07T10:49:20 PKT">
          <reporter-output>
          </reporter-output>
        </test-method> <!-- Setup -->
        <test-method status="FAIL" signature="CRMTitleTest()[pri:1, instance:com.crm.qa.testcases.LoginPageTest@1188e820]" name="CRMTitleTest" duration-ms="19" started-at="2020-10-07T10:49:20 PKT" finished-at="2020-10-07T10:49:20 PKT">
          <exception class="java.lang.AssertionError">
            <message>
              <![CDATA[expected [Cogmento CR] but found [Cogmento CRM]]]>
            </message>
            <full-stacktrace>
              <![CDATA[java.lang.AssertionError: expected [Cogmento CR] but found [Cogmento CRM]
at org.testng.Assert.fail(Assert.java:97)
at org.testng.Assert.assertEqualsImpl(Assert.java:136)
at org.testng.Assert.assertEquals(Assert.java:118)
at org.testng.Assert.assertEquals(Assert.java:575)
at org.testng.Assert.assertEquals(Assert.java:585)
at com.crm.qa.testcases.LoginPageTest.CRMTitleTest(LoginPageTest.java:36)
at sun.reflect.NativeMethodAccessorImpl.invoke0(Native Method)
at sun.reflect.NativeMethodAccessorImpl.invoke(NativeMethodAccessorImpl.java:62)
at sun.reflect.DelegatingMethodAccessorImpl.invoke(DelegatingMethodAccessorImpl.java:43)
at java.lang.reflect.Method.invoke(Method.java:498)
at org.testng.internal.MethodInvocationHelper.invokeMethod(MethodInvocationHelper.java:133)
at org.testng.internal.TestInvoker.invokeMethod(TestInvoker.java:584)
at org.testng.internal.TestInvoker.invokeTestMethod(TestInvoker.java:172)
at org.testng.internal.MethodRunner.runInSequence(MethodRunner.java:46)
at org.testng.internal.TestInvoker$MethodInvocationAgent.invoke(TestInvoker.java:804)
at org.testng.internal.TestInvoker.invokeTestMethods(TestInvoker.java:145)
at org.testng.internal.TestMethodWorker.invokeTestMethods(TestMethodWorker.java:146)
at org.testng.internal.TestMethodWorker.run(TestMethodWorker.java:128)
at java.util.ArrayList.forEach(ArrayList.java:1257)
at org.testng.TestRunner.privateRun(TestRunner.java:770)
at org.testng.TestRunner.run(TestRunner.java:591)
at org.testng.SuiteRunner.runTest(SuiteRunner.java:402)
at org.testng.SuiteRunner.runSequentially(SuiteRunner.java:396)
at org.testng.SuiteRunner.privateRun(SuiteRunner.java:355)
at org.testng.SuiteRunner.run(SuiteRunner.java:304)
at org.testng.SuiteRunnerWorker.runSuite(SuiteRunnerWorker.java:53)
at org.testng.SuiteRunnerWorker.run(SuiteRunnerWorker.java:96)
at org.testng.TestNG.runSuitesSequentially(TestNG.java:1180)
at org.testng.TestNG.runSuitesLocally(TestNG.java:1102)
at org.testng.TestNG.runSuites(TestNG.java:1032)
at org.testng.TestNG.run(TestNG.java:1000)
at org.testng.remote.AbstractRemoteTestNG.run(AbstractRemoteTestNG.java:115)
at org.testng.remote.RemoteTestNG.initAndRun(RemoteTestNG.java:251)
at org.testng.remote.RemoteTestNG.main(RemoteTestNG.java:77)
]]>
            </full-stacktrace>
          </exception> <!-- java.lang.AssertionError -->
          <reporter-output>
          </reporter-output>
        </test-method> <!-- CRMTitleTest -->
        <test-method status="PASS" signature="afterMethod()[pri:0, instance:com.crm.qa.testcases.LoginPageTest@1188e820]" name="afterMethod" is-config="true" duration-ms="1193" started-at="2020-10-07T10:49:20 PKT" finished-at="2020-10-07T10:49:21 PKT">
          <reporter-output>
          </reporter-output>
        </test-method> <!-- afterMethod -->
        <test-method status="PASS" signature="Setup()[pri:0, instance:com.crm.qa.testcases.LoginPageTest@1188e820]" name="Setup" is-config="true" duration-ms="15787" started-at="2020-10-07T10:49:21 PKT" finished-at="2020-10-07T10:49:37 PKT">
          <reporter-output>
          </reporter-output>
        </test-method> <!-- Setup -->
        <test-method status="PASS" signature="VerifySignupLinkTest()[pri:2, instance:com.crm.qa.testcases.LoginPageTest@1188e820]" name="VerifySignupLinkTest" duration-ms="87" started-at="2020-10-07T10:49:37 PKT" finished-at="2020-10-07T10:49:37 PKT">
          <reporter-output>
          </reporter-output>
        </test-method> <!-- VerifySignupLinkTest -->
        <test-method status="PASS" signature="afterMethod()[pri:0, instance:com.crm.qa.testcases.LoginPageTest@1188e820]" name="afterMethod" is-config="true" duration-ms="1145" started-at="2020-10-07T10:49:37 PKT" finished-at="2020-10-07T10:49:38 PKT">
          <reporter-output>
          </reporter-output>
        </test-method> <!-- afterMethod -->
        <test-method status="PASS" signature="Setup()[pri:0, instance:com.crm.qa.testcases.LoginPageTest@1188e820]" name="Setup" is-config="true" duration-ms="14390" started-at="2020-10-07T10:49:38 PKT" finished-at="2020-10-07T10:49:52 PKT">
          <reporter-output>
          </reporter-output>
        </test-method> <!-- Setup -->
        <test-method status="PASS" signature="VerifyClassicCRMLinkTest()[pri:3, instance:com.crm.qa.testcases.LoginPageTest@1188e820]" name="VerifyClassicCRMLinkTest" duration-ms="29" started-at="2020-10-07T10:49:52 PKT" finished-at="2020-10-07T10:49:52 PKT">
          <reporter-output>
          </reporter-output>
        </test-method> <!-- VerifyClassicCRMLinkTest -->
        <test-method status="PASS" signature="afterMethod()[pri:0, instance:com.crm.qa.testcases.LoginPageTest@1188e820]" name="afterMethod" is-config="true" duration-ms="1190" started-at="2020-10-07T10:49:52 PKT" finished-at="2020-10-07T10:49:53 PKT">
          <reporter-output>
          </reporter-output>
        </test-method> <!-- afterMethod -->
        <test-method status="PASS" signature="Setup()[pri:0, instance:com.crm.qa.testcases.LoginPageTest@1188e820]" name="Setup" is-config="true" duration-ms="16680" started-at="2020-10-07T10:49:53 PKT" finished-at="2020-10-07T10:50:10 PKT">
          <reporter-output>
          </reporter-output>
        </test-method> <!-- Setup -->
        <test-method status="FAIL" signature="LoginTest()[pri:4, instance:com.crm.qa.testcases.LoginPageTest@1188e820]" name="LoginTest" duration-ms="2390" started-at="2020-10-07T10:50:10 PKT" finished-at="2020-10-07T10:50:13 PKT">
          <exception class="org.openqa.selenium.WebDriverException">
            <message>
              <![CDATA[unknown error: keys should be a string
  (Session info: chrome=85.0.4183.121)
  (Driver info: chromedriver=2.43.600210 (68dcf5eebde37173d4027fa8635e332711d2874a),platform=Windows NT 10.0.18363 x86_64) (WARNING: The server did not provide any stacktrace information)
Command duration or timeout: 29 milliseconds
Build info: version: '2.43.1', revision: '5163bceef1bc36d43f3dc0b83c88998168a363a0', time: '2014-09-10 09:43:55'
System info: host: 'AmirPC', ip: '192.168.8.78', os.name: 'Windows 10', os.arch: 'amd64', os.version: '10.0', java.version: '1.8.0_191'
Driver info: org.openqa.selenium.chrome.ChromeDriver
Capabilities [{mobileEmulationEnabled=false, hasTouchScreen=false, platform=XP, acceptSslCerts=false, goog:chromeOptions={debuggerAddress=localhost:59338}, acceptInsecureCerts=false, webStorageEnabled=true, browserName=chrome, takesScreenshot=true, javascriptEnabled=true, setWindowRect=true, unexpectedAlertBehaviour=, applicationCacheEnabled=false, rotatable=false, networkConnectionEnabled=false, chrome={chromedriverVersion=2.43.600210 (68dcf5eebde37173d4027fa8635e332711d2874a), userDataDir=C:\Users\Admin\AppData\Local\Temp\scoped_dir28552_32101}, takesHeapSnapshot=true, pageLoadStrategy=normal, databaseEnabled=false, handlesAlerts=true, version=85.0.4183.121, browserConnectionEnabled=false, nativeEvents=true, locationContextEnabled=true, cssSelectorsEnabled=true}]
Session ID: 1524f2c985a1a5672c2fbf93f2bc5421]]>
            </message>
            <full-stacktrace>
              <![CDATA[org.openqa.selenium.WebDriverException: unknown error: keys should be a string
  (Session info: chrome=85.0.4183.121)
  (Driver info: chromedriver=2.43.600210 (68dcf5eebde37173d4027fa8635e332711d2874a),platform=Windows NT 10.0.18363 x86_64) (WARNING: The server did not provide any stacktrace information)
Command duration or timeout: 29 milliseconds
Build info: version: '2.43.1', revision: '5163bceef1bc36d43f3dc0b83c88998168a363a0', time: '2014-09-10 09:43:55'
System info: host: 'AmirPC', ip: '192.168.8.78', os.name: 'Windows 10', os.arch: 'amd64', os.version: '10.0', java.version: '1.8.0_191'
Driver info: org.openqa.selenium.chrome.ChromeDriver
Capabilities [{mobileEmulationEnabled=false, hasTouchScreen=false, platform=XP, acceptSslCerts=false, goog:chromeOptions={debuggerAddress=localhost:59338}, acceptInsecureCerts=false, webStorageEnabled=true, browserName=chrome, takesScreenshot=true, javascriptEnabled=true, setWindowRect=true, unexpectedAlertBehaviour=, applicationCacheEnabled=false, rotatable=false, networkConnectionEnabled=false, chrome={chromedriverVersion=2.43.600210 (68dcf5eebde37173d4027fa8635e332711d2874a), userDataDir=C:\Users\Admin\AppData\Local\Temp\scoped_dir28552_32101}, takesHeapSnapshot=true, pageLoadStrategy=normal, databaseEnabled=false, handlesAlerts=true, version=85.0.4183.121, browserConnectionEnabled=false, nativeEvents=true, locationContextEnabled=true, cssSelectorsEnabled=true}]
Session ID: 1524f2c985a1a5672c2fbf93f2bc5421
at sun.reflect.NativeConstructorAccessorImpl.newInstance0(Native Method)
at sun.reflect.NativeConstructorAccessorImpl.newInstance(NativeConstructorAccessorImpl.java:62)
at sun.reflect.DelegatingConstructorAccessorImpl.newInstance(DelegatingConstructorAccessorImpl.java:45)
at java.lang.reflect.Constructor.newInstance(Constructor.java:423)
at org.openqa.selenium.remote.ErrorHandler.createThrowable(ErrorHandler.java:204)
at org.openqa.selenium.remote.ErrorHandler.throwIfResponseFailed(ErrorHandler.java:156)
at org.openqa.selenium.remote.RemoteWebDriver.execute(RemoteWebDriver.java:599)
at org.openqa.selenium.remote.RemoteWebElement.execute(RemoteWebElement.java:268)
at org.openqa.selenium.remote.RemoteWebElement.sendKeys(RemoteWebElement.java:89)
at sun.reflect.NativeMethodAccessorImpl.invoke0(Native Method)
at sun.reflect.NativeMethodAccessorImpl.invoke(NativeMethodAccessorImpl.java:62)
at sun.reflect.DelegatingMethodAccessorImpl.invoke(DelegatingMethodAccessorImpl.java:43)
at java.lang.reflect.Method.invoke(Method.java:498)
at org.openqa.selenium.support.events.EventFiringWebDriver$EventFiringWebElement$1.invoke(EventFiringWebDriver.java:331)
at com.sun.proxy.$Proxy12.sendKeys(Unknown Source)
at org.openqa.selenium.support.events.EventFiringWebDriver$EventFiringWebElement.sendKeys(EventFiringWebDriver.java:354)
at sun.reflect.NativeMethodAccessorImpl.invoke0(Native Method)
at sun.reflect.NativeMethodAccessorImpl.invoke(NativeMethodAccessorImpl.java:62)
at sun.reflect.DelegatingMethodAccessorImpl.invoke(DelegatingMethodAccessorImpl.java:43)
at java.lang.reflect.Method.invoke(Method.java:498)
at org.openqa.selenium.support.pagefactory.internal.LocatingElementHandler.invoke(LocatingElementHandler.java:50)
at com.sun.proxy.$Proxy11.sendKeys(Unknown Source)
at com.crm.qa.pages.LoginPage.CRMLogin(LoginPage.java:48)
at com.crm.qa.testcases.LoginPageTest.LoginTest(LoginPageTest.java:60)
at sun.reflect.NativeMethodAccessorImpl.invoke0(Native Method)
at sun.reflect.NativeMethodAccessorImpl.invoke(NativeMethodAccessorImpl.java:62)
at sun.reflect.DelegatingMethodAccessorImpl.invoke(DelegatingMethodAccessorImpl.java:43)
at java.lang.reflect.Method.invoke(Method.java:498)
at org.testng.internal.MethodInvocationHelper.invokeMethod(MethodInvocationHelper.java:133)
at org.testng.internal.TestInvoker.invokeMethod(TestInvoker.java:584)
at org.testng.internal.TestInvoker.invokeTestMethod(TestInvoker.java:172)
at org.testng.internal.MethodRunner.runInSequence(MethodRunner.java:46)
at org.testng.internal.TestInvoker$MethodInvocationAgent.invoke(TestInvoker.java:804)
at org.testng.internal.TestInvoker.invokeTestMethods(TestInvoker.java:145)
at org.testng.internal.TestMethodWorker.invokeTestMethods(TestMethodWorker.java:146)
at org.testng.internal.TestMethodWorker.run(TestMethodWorker.java:128)
at java.util.ArrayList.forEach(ArrayList.java:1257)
at org.testng.TestRunner.privateRun(TestRunner.java:770)
at org.testng.TestRunner.run(TestRunner.java:591)
at org.testng.SuiteRunner.runTest(SuiteRunner.java:402)
at org.testng.SuiteRunner.runSequentially(SuiteRunner.java:396)
at org.testng.SuiteRunner.privateRun(SuiteRunner.java:355)
at org.testng.SuiteRunner.run(SuiteRunner.java:304)
at org.testng.SuiteRunnerWorker.runSuite(SuiteRunnerWorker.java:53)
at org.testng.SuiteRunnerWorker.run(SuiteRunnerWorker.java:96)
at org.testng.TestNG.runSuitesSequentially(TestNG.java:1180)
at org.testng.TestNG.runSuitesLocally(TestNG.java:1102)
at org.testng.TestNG.runSuites(TestNG.java:1032)
at org.testng.TestNG.run(TestNG.java:1000)
at org.testng.remote.AbstractRemoteTestNG.run(AbstractRemoteTestNG.java:115)
at org.testng.remote.RemoteTestNG.initAndRun(RemoteTestNG.java:251)
at org.testng.remote.RemoteTestNG.main(RemoteTestNG.java:77)
]]>
            </full-stacktrace>
          </exception> <!-- org.openqa.selenium.WebDriverException -->
          <reporter-output>
          </reporter-output>
        </test-method> <!-- LoginTest -->
        <test-method status="PASS" signature="afterMethod()[pri:0, instance:com.crm.qa.testcases.LoginPageTest@1188e820]" name="afterMethod" is-config="true" duration-ms="1166" started-at="2020-10-07T10:50:13 PKT" finished-at="2020-10-07T10:50:14 PKT">
          <reporter-output>
          </reporter-output>
        </test-method> <!-- afterMethod -->
      </class> <!-- com.crm.qa.testcases.LoginPageTest -->
      <class name="com.crm.qa.testcases.DealPageTest">
        <test-method status="PASS" signature="beforeMethod()[pri:0, instance:com.crm.qa.testcases.DealPageTest@166fa74d]" name="beforeMethod" is-config="true" duration-ms="17075" started-at="2020-10-07T10:53:29 PKT" finished-at="2020-10-07T10:53:46 PKT">
          <reporter-output>
          </reporter-output>
        </test-method> <!-- beforeMethod -->
        <test-method status="PASS" signature="validatetitle()[pri:1, instance:com.crm.qa.testcases.DealPageTest@166fa74d]" name="validatetitle" duration-ms="49" started-at="2020-10-07T10:53:46 PKT" finished-at="2020-10-07T10:53:46 PKT">
          <reporter-output>
          </reporter-output>
        </test-method> <!-- validatetitle -->
        <test-method status="PASS" signature="afterMethod()[pri:0, instance:com.crm.qa.testcases.DealPageTest@166fa74d]" name="afterMethod" is-config="true" duration-ms="1212" started-at="2020-10-07T10:53:46 PKT" finished-at="2020-10-07T10:53:47 PKT">
          <reporter-output>
          </reporter-output>
        </test-method> <!-- afterMethod -->
        <test-method status="PASS" signature="beforeMethod()[pri:0, instance:com.crm.qa.testcases.DealPageTest@166fa74d]" name="beforeMethod" is-config="true" duration-ms="16959" started-at="2020-10-07T10:53:47 PKT" finished-at="2020-10-07T10:54:04 PKT">
          <reporter-output>
          </reporter-output>
        </test-method> <!-- beforeMethod -->
        <test-method status="PASS" signature="validateNewDeal(java.lang.String, java.lang.String, java.lang.String)[pri:2, instance:com.crm.qa.testcases.DealPageTest@166fa74d]" name="validateNewDeal" duration-ms="37598" started-at="2020-10-07T10:54:04 PKT" data-provider="getCRMDealsData" finished-at="2020-10-07T10:54:42 PKT">
          <params>
            <param index="0">
              <value>
                <![CDATA[Automation By Hajra]]>
              </value>
            </param>
            <param index="1">
              <value>
                <![CDATA[Zepto Systems Pvt Ltd]]>
              </value>
            </param>
            <param index="2">
              <value>
                <![CDATA[2000.0]]>
              </value>
            </param>
          </params>
          <reporter-output>
          </reporter-output>
        </test-method> <!-- validateNewDeal -->
        <test-method status="PASS" signature="afterMethod()[pri:0, instance:com.crm.qa.testcases.DealPageTest@166fa74d]" name="afterMethod" is-config="true" duration-ms="1157" started-at="2020-10-07T10:54:42 PKT" finished-at="2020-10-07T10:54:43 PKT">
          <reporter-output>
          </reporter-output>
        </test-method> <!-- afterMethod -->
        <test-method status="PASS" signature="beforeMethod()[pri:0, instance:com.crm.qa.testcases.DealPageTest@166fa74d]" name="beforeMethod" is-config="true" duration-ms="18721" started-at="2020-10-07T10:54:43 PKT" finished-at="2020-10-07T10:55:01 PKT">
          <reporter-output>
          </reporter-output>
        </test-method> <!-- beforeMethod -->
        <test-method status="PASS" signature="validateNewDeal(java.lang.String, java.lang.String, java.lang.String)[pri:2, instance:com.crm.qa.testcases.DealPageTest@166fa74d]" name="validateNewDeal" duration-ms="37361" started-at="2020-10-07T10:55:01 PKT" data-provider="getCRMDealsData" finished-at="2020-10-07T10:55:39 PKT">
          <params>
            <param index="0">
              <value>
                <![CDATA[Automation By Amir]]>
              </value>
            </param>
            <param index="1">
              <value>
                <![CDATA[Cube Displine ]]>
              </value>
            </param>
            <param index="2">
              <value>
                <![CDATA[5000.0]]>
              </value>
            </param>
          </params>
          <reporter-output>
          </reporter-output>
        </test-method> <!-- validateNewDeal -->
        <test-method status="PASS" signature="afterMethod()[pri:0, instance:com.crm.qa.testcases.DealPageTest@166fa74d]" name="afterMethod" is-config="true" duration-ms="1181" started-at="2020-10-07T10:55:39 PKT" finished-at="2020-10-07T10:55:40 PKT">
          <reporter-output>
          </reporter-output>
        </test-method> <!-- afterMethod -->
        <test-method status="PASS" signature="beforeMethod()[pri:0, instance:com.crm.qa.testcases.DealPageTest@166fa74d]" name="beforeMethod" is-config="true" duration-ms="18467" started-at="2020-10-07T10:55:40 PKT" finished-at="2020-10-07T10:55:58 PKT">
          <reporter-output>
          </reporter-output>
        </test-method> <!-- beforeMethod -->
        <test-method status="PASS" signature="validateNewDeal(java.lang.String, java.lang.String, java.lang.String)[pri:2, instance:com.crm.qa.testcases.DealPageTest@166fa74d]" name="validateNewDeal" duration-ms="37330" started-at="2020-10-07T10:55:58 PKT" data-provider="getCRMDealsData" finished-at="2020-10-07T10:56:36 PKT">
          <params>
            <param index="0">
              <value>
                <![CDATA[Automation By Kamran]]>
              </value>
            </param>
            <param index="1">
              <value>
                <![CDATA[DevBatch]]>
              </value>
            </param>
            <param index="2">
              <value>
                <![CDATA[6000.0]]>
              </value>
            </param>
          </params>
          <reporter-output>
          </reporter-output>
        </test-method> <!-- validateNewDeal -->
        <test-method status="PASS" signature="afterMethod()[pri:0, instance:com.crm.qa.testcases.DealPageTest@166fa74d]" name="afterMethod" is-config="true" duration-ms="1239" started-at="2020-10-07T10:56:36 PKT" finished-at="2020-10-07T10:56:37 PKT">
          <reporter-output>
          </reporter-output>
        </test-method> <!-- afterMethod -->
      </class> <!-- com.crm.qa.testcases.DealPageTest -->
      <class name="com.crm.qa.testcases.TaskPageTest">
        <test-method status="PASS" signature="beforeMethod()[pri:0, instance:com.crm.qa.testcases.TaskPageTest@40f08448]" name="beforeMethod" is-config="true" duration-ms="23238" started-at="2020-10-07T10:56:37 PKT" finished-at="2020-10-07T10:57:00 PKT">
          <reporter-output>
          </reporter-output>
        </test-method> <!-- beforeMethod -->
        <test-method status="PASS" signature="verifyTitle()[pri:1, instance:com.crm.qa.testcases.TaskPageTest@40f08448]" name="verifyTitle" duration-ms="28" started-at="2020-10-07T10:57:00 PKT" finished-at="2020-10-07T10:57:00 PKT">
          <reporter-output>
          </reporter-output>
        </test-method> <!-- verifyTitle -->
        <test-method status="PASS" signature="afterMethod()[pri:0, instance:com.crm.qa.testcases.TaskPageTest@40f08448]" name="afterMethod" is-config="true" duration-ms="1901" started-at="2020-10-07T10:57:00 PKT" finished-at="2020-10-07T10:57:02 PKT">
          <reporter-output>
          </reporter-output>
        </test-method> <!-- afterMethod -->
        <test-method status="PASS" signature="beforeMethod()[pri:0, instance:com.crm.qa.testcases.TaskPageTest@40f08448]" name="beforeMethod" is-config="true" duration-ms="20927" started-at="2020-10-07T10:57:02 PKT" finished-at="2020-10-07T10:57:23 PKT">
          <reporter-output>
          </reporter-output>
        </test-method> <!-- beforeMethod -->
        <test-method status="PASS" signature="verifyNewTask(java.lang.String, java.lang.String, java.lang.String, java.lang.String, java.lang.String)[pri:2, instance:com.crm.qa.testcases.TaskPageTest@40f08448]" name="verifyNewTask" duration-ms="17933" started-at="2020-10-07T10:57:23 PKT" data-provider="getCRMTaskData" finished-at="2020-10-07T10:57:41 PKT">
          <params>
            <param index="0">
              <value>
                <![CDATA[Automation1]]>
              </value>
            </param>
            <param index="1">
              <value>
                <![CDATA[Zepto]]>
              </value>
            </param>
            <param index="2">
              <value>
                <![CDATA[YES]]>
              </value>
            </param>
            <param index="3">
              <value>
                <![CDATA[Testing]]>
              </value>
            </param>
            <param index="4">
              <value>
                <![CDATA[Testing1]]>
              </value>
            </param>
          </params>
          <reporter-output>
          </reporter-output>
        </test-method> <!-- verifyNewTask -->
        <test-method status="PASS" signature="afterMethod()[pri:0, instance:com.crm.qa.testcases.TaskPageTest@40f08448]" name="afterMethod" is-config="true" duration-ms="1180" started-at="2020-10-07T10:57:41 PKT" finished-at="2020-10-07T10:57:42 PKT">
          <reporter-output>
          </reporter-output>
        </test-method> <!-- afterMethod -->
        <test-method status="PASS" signature="beforeMethod()[pri:0, instance:com.crm.qa.testcases.TaskPageTest@40f08448]" name="beforeMethod" is-config="true" duration-ms="19375" started-at="2020-10-07T10:57:42 PKT" finished-at="2020-10-07T10:58:02 PKT">
          <reporter-output>
          </reporter-output>
        </test-method> <!-- beforeMethod -->
        <test-method status="PASS" signature="verifyNewTask(java.lang.String, java.lang.String, java.lang.String, java.lang.String, java.lang.String)[pri:2, instance:com.crm.qa.testcases.TaskPageTest@40f08448]" name="verifyNewTask" duration-ms="17926" started-at="2020-10-07T10:58:02 PKT" data-provider="getCRMTaskData" finished-at="2020-10-07T10:58:20 PKT">
          <params>
            <param index="0">
              <value>
                <![CDATA[Automation2]]>
              </value>
            </param>
            <param index="1">
              <value>
                <![CDATA[Zepto2]]>
              </value>
            </param>
            <param index="2">
              <value>
                <![CDATA[NO]]>
              </value>
            </param>
            <param index="3">
              <value>
                <![CDATA[Testing1]]>
              </value>
            </param>
            <param index="4">
              <value>
                <![CDATA[Testing2]]>
              </value>
            </param>
          </params>
          <reporter-output>
          </reporter-output>
        </test-method> <!-- verifyNewTask -->
        <test-method status="PASS" signature="afterMethod()[pri:0, instance:com.crm.qa.testcases.TaskPageTest@40f08448]" name="afterMethod" is-config="true" duration-ms="1245" started-at="2020-10-07T10:58:20 PKT" finished-at="2020-10-07T10:58:21 PKT">
          <reporter-output>
          </reporter-output>
        </test-method> <!-- afterMethod -->
      </class> <!-- com.crm.qa.testcases.TaskPageTest -->
    </test> <!-- E2E Test Cases -->
  </suite> <!-- E2E Test Automation Test Suite -->
</testng-results>
